<?xml version="1.0" encoding="UTF-8"?>
<!-- Generated by org.testng.reporters.JUnitXMLReporter -->
<testsuite ignored="0" hostname="Cherry-Prem" failures="1" tests="1" name="Test3" time="0.007" errors="0" timestamp="2025-05-23T13:47:56 IST">
  <testcase classname="Annotations.Suite.Before_After_Suite_4" name="test" time="0.003">
    <failure type="java.lang.AssertionError" message="null">
      <![CDATA[java.lang.AssertionError: null
at Annotations.Suite.Before_After_Suite_4.test(Before_After_Suite_4.java:18)
at java.base/java.util.ArrayList.forEach(ArrayList.java:1596)
... Removed 28 stack frames]]>
    </failure>
  </testcase> <!-- test -->
</testsuite> <!-- Test3 -->
