<?xml version="1.0" encoding="UTF-8"?>
<!-- Generated by org.testng.reporters.JUnitXMLReporter -->
<testsuite ignored="0" hostname="Cherry-Prem" failures="0" tests="4" name="Default test" time="12.775" errors="0" timestamp="2025-05-22T17:09:14 IST">
  <testcase classname="TestNg_FirstDay.OrangeHRM_TestNG" name="openApp" time="8.337"/>
  <testcase classname="TestNg_FirstDay.OrangeHRM_TestNG" name="loginApp" time="4.106"/>
  <testcase classname="TestNg_FirstDay.OrangeHRM_TestNG" name="checkLogo" time="0.051"/>
  <testcase classname="TestNg_FirstDay.OrangeHRM_TestNG" name="closeApp" time="0.237"/>
</testsuite> <!-- Default test -->
