<?xml version="1.0" encoding="UTF-8"?>
<!-- Generated by org.testng.reporters.JUnitXMLReporter -->
<testsuite ignored="0" hostname="Cherry-Prem" failures="0" tests="4" name="Default test" time="8.4" errors="0" timestamp="2025-05-23T15:26:22 IST">
  <testcase classname="Annotations.Test_Priority.OrangeHRM_TestNG" name="openApp" time="4.35"/>
  <testcase classname="Annotations.Test_Priority.OrangeHRM_TestNG" name="loginApp" time="3.839"/>
  <testcase classname="Annotations.Test_Priority.OrangeHRM_TestNG" name="checkLogo" time="0.026"/>
  <testcase classname="Annotations.Test_Priority.OrangeHRM_TestNG" name="closeApp" time="0.134"/>
</testsuite> <!-- Default test -->
