<?xml version="1.0" encoding="UTF-8"?>
<!-- Generated by org.testng.reporters.JUnitXMLReporter -->
<testsuite ignored="2" hostname="Cherry-Prem" failures="0" tests="1" name="Test1" time="0.036" errors="0" timestamp="2025-05-23T01:51:47 IST">
  <testcase classname="Annotations.Before_After_Test_2" name="search" time="0.004"/>
  <testcase classname="Annotations.Before_After_Test_3" name="@AfterTest closeconfigure" time="0.0">
    <ignored/>
  </testcase> <!-- @AfterTest closeconfigure -->
  <testcase classname="Annotations.Before_After_Test_3" name="@BeforeTest openconfigure" time="0.0">
    <ignored/>
  </testcase> <!-- @BeforeTest openconfigure -->
</testsuite> <!-- Test1 -->
