<?xml version="1.0" encoding="UTF-8"?>
<!-- Generated by org.testng.reporters.JUnitXMLReporter -->
<testsuite ignored="1" hostname="Cherry-Prem" failures="0" tests="7" name="Test" time="0.048" errors="0" timestamp="2025-05-23T20:15:04 IST">
  <testcase classname="Grouping.Job_Search" name="clicking" time="0.01"/>
  <testcase classname="Grouping.Profile_Tests" name="updatename" time="0.001"/>
  <testcase classname="Grouping.Profile_Tests" name="updatephone" time="0.001"/>
  <testcase classname="Grouping.Profile_Tests" name="updatepic" time="0.0"/>
  <testcase classname="Grouping.Login_Tests" name="email" time="0.001"/>
  <testcase classname="Grouping.Login_Tests" name="phonenumber" time="0.0"/>
  <testcase classname="Grouping.Login_Tests" name="username" time="0.001"/>
  <testcase classname="Grouping.Job_Search" name="Enter" time="0.0">
    <ignored/>
  </testcase> <!-- Enter -->
</testsuite> <!-- Test -->
