<?xml version="1.0" encoding="UTF-8"?>
<!-- Generated by org.testng.reporters.JUnitXMLReporter -->
<testsuite ignored="2" hostname="Cherry-Prem" failures="0" tests="1" name="Test2" time="0.005" errors="0" timestamp="2025-05-23T01:51:47 IST">
  <testcase classname="Annotations.Before_After_Test_1" name="login" time="0.002"/>
  <testcase classname="Annotations.Before_After_Test_3" name="@BeforeTest openconfigure" time="0.0">
    <ignored/>
  </testcase> <!-- @BeforeTest openconfigure -->
  <testcase classname="Annotations.Before_After_Test_3" name="@AfterTest closeconfigure" time="0.0">
    <ignored/>
  </testcase> <!-- @AfterTest closeconfigure -->
</testsuite> <!-- Test2 -->
