<?xml version="1.0" encoding="UTF-8"?>
<!-- Generated by org.testng.reporters.JUnitXMLReporter -->
<testsuite ignored="0" hostname="Cherry-Prem" failures="2" tests="3" name="Test" time="10.939" errors="0" timestamp="2025-05-24T19:52:04 IST">
  <testcase classname="TestNG_Listners.ExtentReports.Login" name="login" time="5.421">
    <failure type="java.lang.AssertionError" message="expected [Gowri Shankar Vuyyuri] but found []">
      <![CDATA[java.lang.AssertionError: expected [Gowri Shankar Vuyyuri] but found []
at TestNG_Listners.ExtentReports.Login.login(Login.java:53)
at java.base/java.util.ArrayList.forEach(ArrayList.java:1596)
... Removed 31 stack frames]]>
    </failure>
  </testcase> <!-- login -->
  <testcase classname="TestNG_Listners.ExtentReports.Login" name="profile" time="2.079">
    <failure type="java.lang.AssertionError" message="expected [true] but found [Gowri Shankar Vuyyuri]">
      <![CDATA[java.lang.AssertionError: expected [true] but found [Gowri Shankar Vuyyuri]
at TestNG_Listners.ExtentReports.Login.profile(Login.java:64)
at java.base/java.util.ArrayList.forEach(ArrayList.java:1596)
... Removed 30 stack frames]]>
    </failure>
  </testcase> <!-- profile -->
  <testcase classname="TestNG_Listners.ExtentReports.Login" name="logout" time="3.229"/>
</testsuite> <!-- Test -->
