<?xml version="1.0" encoding="UTF-8"?>
<testng-results ignored="0" total="2" passed="2" failed="0" skipped="0">
  <reporter-output>
  </reporter-output>
  <suite started-at="2025-05-23T01:51:47 IST" name="Suite" finished-at="2025-05-23T01:51:47 IST" duration-ms="80">
    <groups>
    </groups>
    <test started-at="2025-05-23T01:51:47 IST" name="Test1" finished-at="2025-05-23T01:51:47 IST" duration-ms="36">
      <class name="Annotations.Before_After_Test_2">
        <test-method is-config="true" signature="openconfigure()[pri:0, instance:Annotations.Before_After_Test_2@5bda8e08]" started-at="2025-05-23T01:51:47 IST" name="openconfigure" finished-at="2025-05-23T01:51:47 IST" duration-ms="6" status="PASS">
          <reporter-output>
          </reporter-output>
        </test-method> <!-- openconfigure -->
        <test-method is-config="true" signature="driveropen()[pri:0, instance:Annotations.Before_After_Test_2@5bda8e08]" started-at="2025-05-23T01:51:47 IST" name="driveropen" finished-at="2025-05-23T01:51:47 IST" duration-ms="0" status="PASS">
          <reporter-output>
          </reporter-output>
        </test-method> <!-- driveropen -->
        <test-method is-config="true" signature="open()[pri:0, instance:Annotations.Before_After_Test_2@5bda8e08]" started-at="2025-05-23T01:51:47 IST" name="open" finished-at="2025-05-23T01:51:47 IST" duration-ms="0" status="PASS">
          <reporter-output>
          </reporter-output>
        </test-method> <!-- open -->
        <test-method signature="search()[pri:2, instance:Annotations.Before_After_Test_2@5bda8e08]" started-at="2025-05-23T01:51:47 IST" name="search" finished-at="2025-05-23T01:51:47 IST" duration-ms="4" status="PASS">
          <reporter-output>
          </reporter-output>
        </test-method> <!-- search -->
        <test-method is-config="true" signature="close()[pri:0, instance:Annotations.Before_After_Test_2@5bda8e08]" started-at="2025-05-23T01:51:47 IST" name="close" finished-at="2025-05-23T01:51:47 IST" duration-ms="1" status="PASS">
          <reporter-output>
          </reporter-output>
        </test-method> <!-- close -->
        <test-method is-config="true" signature="driverclose()[pri:0, instance:Annotations.Before_After_Test_2@5bda8e08]" started-at="2025-05-23T01:51:47 IST" name="driverclose" finished-at="2025-05-23T01:51:47 IST" duration-ms="1" status="PASS">
          <reporter-output>
          </reporter-output>
        </test-method> <!-- driverclose -->
        <test-method is-config="true" signature="closeconfigure()[pri:0, instance:Annotations.Before_After_Test_2@5bda8e08]" started-at="2025-05-23T01:51:47 IST" name="closeconfigure" finished-at="2025-05-23T01:51:47 IST" duration-ms="0" status="PASS">
          <reporter-output>
          </reporter-output>
        </test-method> <!-- closeconfigure -->
      </class> <!-- Annotations.Before_After_Test_2 -->
    </test> <!-- Test1 -->
    <test started-at="2025-05-23T01:51:47 IST" name="Test2" finished-at="2025-05-23T01:51:47 IST" duration-ms="5">
      <class name="Annotations.Before_After_Test_1">
        <test-method is-config="true" signature="openconfigure()[pri:0, instance:Annotations.Before_After_Test_1@20d525]" started-at="2025-05-23T01:51:47 IST" name="openconfigure" finished-at="2025-05-23T01:51:47 IST" duration-ms="0" status="PASS">
          <reporter-output>
          </reporter-output>
        </test-method> <!-- openconfigure -->
        <test-method signature="login()[pri:1, instance:Annotations.Before_After_Test_1@20d525]" started-at="2025-05-23T01:51:47 IST" name="login" finished-at="2025-05-23T01:51:47 IST" duration-ms="2" status="PASS">
          <reporter-output>
          </reporter-output>
        </test-method> <!-- login -->
        <test-method is-config="true" signature="driveropen()[pri:0, instance:Annotations.Before_After_Test_1@20d525]" started-at="2025-05-23T01:51:47 IST" name="driveropen" finished-at="2025-05-23T01:51:47 IST" duration-ms="0" status="PASS">
          <reporter-output>
          </reporter-output>
        </test-method> <!-- driveropen -->
        <test-method is-config="true" signature="open()[pri:0, instance:Annotations.Before_After_Test_1@20d525]" started-at="2025-05-23T01:51:47 IST" name="open" finished-at="2025-05-23T01:51:47 IST" duration-ms="0" status="PASS">
          <reporter-output>
          </reporter-output>
        </test-method> <!-- open -->
        <test-method is-config="true" signature="close()[pri:0, instance:Annotations.Before_After_Test_1@20d525]" started-at="2025-05-23T01:51:47 IST" name="close" finished-at="2025-05-23T01:51:47 IST" duration-ms="0" status="PASS">
          <reporter-output>
          </reporter-output>
        </test-method> <!-- close -->
        <test-method is-config="true" signature="closeconfigure()[pri:0, instance:Annotations.Before_After_Test_1@20d525]" started-at="2025-05-23T01:51:47 IST" name="closeconfigure" finished-at="2025-05-23T01:51:47 IST" duration-ms="0" status="PASS">
          <reporter-output>
          </reporter-output>
        </test-method> <!-- closeconfigure -->
        <test-method is-config="true" signature="driverclose()[pri:0, instance:Annotations.Before_After_Test_1@20d525]" started-at="2025-05-23T01:51:47 IST" name="driverclose" finished-at="2025-05-23T01:51:47 IST" duration-ms="0" status="PASS">
          <reporter-output>
          </reporter-output>
        </test-method> <!-- driverclose -->
      </class> <!-- Annotations.Before_After_Test_1 -->
    </test> <!-- Test2 -->
  </suite> <!-- Suite -->
</testng-results>
