<?xml version="1.0" encoding="UTF-8"?>
<testng-results ignored="0" total="4" passed="4" failed="0" skipped="0">
  <reporter-output>
  </reporter-output>
  <suite started-at="2025-05-23T15:26:14 IST" name="Default suite" finished-at="2025-05-23T15:26:22 IST" duration-ms="8400">
    <groups>
    </groups>
    <test started-at="2025-05-23T15:26:14 IST" name="Default test" finished-at="2025-05-23T15:26:22 IST" duration-ms="8400">
      <class name="Annotations.Test_Priority.OrangeHRM_TestNG">
        <test-method signature="openApp()[pri:0, instance:Annotations.Test_Priority.OrangeHRM_TestNG@5fe94a96]" started-at="2025-05-23T15:26:14 IST" name="openApp" finished-at="2025-05-23T15:26:18 IST" duration-ms="4350" status="PASS">
          <reporter-output>
          </reporter-output>
        </test-method> <!-- openApp -->
        <test-method signature="loginApp()[pri:1, instance:Annotations.Test_Priority.OrangeHRM_TestNG@5fe94a96]" started-at="2025-05-23T15:26:18 IST" name="loginApp" finished-at="2025-05-23T15:26:22 IST" duration-ms="3839" status="PASS">
          <reporter-output>
          </reporter-output>
        </test-method> <!-- loginApp -->
        <test-method signature="checkLogo()[pri:2, instance:Annotations.Test_Priority.OrangeHRM_TestNG@5fe94a96]" started-at="2025-05-23T15:26:22 IST" name="checkLogo" finished-at="2025-05-23T15:26:22 IST" duration-ms="26" status="PASS">
          <reporter-output>
          </reporter-output>
        </test-method> <!-- checkLogo -->
        <test-method signature="closeApp()[pri:3, instance:Annotations.Test_Priority.OrangeHRM_TestNG@5fe94a96]" started-at="2025-05-23T15:26:22 IST" name="closeApp" finished-at="2025-05-23T15:26:22 IST" duration-ms="134" status="PASS">
          <reporter-output>
          </reporter-output>
        </test-method> <!-- closeApp -->
      </class> <!-- Annotations.Test_Priority.OrangeHRM_TestNG -->
    </test> <!-- Default test -->
  </suite> <!-- Default suite -->
</testng-results>
