<?xml version="1.0" encoding="UTF-8"?>
<!-- Generated by org.testng.reporters.JUnitXMLReporter -->
<testsuite ignored="0" hostname="Cherry-Prem" failures="0" tests="4" name="basictest" time="0.054" errors="0" timestamp="2025-05-22T17:32:28 IST">
  <testcase classname="TestNg_FirstDay.Basic_Test_Practice" name="openApp" time="0.01"/>
  <testcase classname="TestNg_FirstDay.Basic_Test_Practice" name="loginApp" time="0.001"/>
  <testcase classname="TestNg_FirstDay.Basic_Test_Practice" name="logoutApp" time="0.002"/>
  <testcase classname="TestNg_FirstDay.Basic_Test_Practice" name="closeApp" time="0.003"/>
</testsuite> <!-- basictest -->
